<?xml version="1.0" encoding="UTF-8"?>
<!-- Generated by org.testng.reporters.JUnitReportReporter -->
<testsuite hostname="DESKTOP-8KE617A" failures="0" tests="1" name="firstLessons.DragDrop" time="7.604" errors="0" timestamp="2024-03-26T18:54:00 IST" skipped="0">
  <testcase classname="firstLessons.DragDrop" name="dragDrop" time="7.604"/>
</testsuite> <!-- firstLessons.DragDrop -->
