<?xml version="1.0" encoding="UTF-8"?>
<!-- Generated by org.testng.reporters.JUnitReportReporter -->
<testsuite hostname="DESKTOP-8KE617A" failures="0" tests="1" name="firstLessons.LongPress" time="10.009" errors="0" timestamp="2023-12-13T21:46:06 IST" skipped="0">
  <testcase classname="firstLessons.LongPress" name="longPressDemo" time="10.009"/>
</testsuite> <!-- firstLessons.LongPress -->
