<?xml version="1.0" encoding="UTF-8"?>
<!-- Generated by org.testng.reporters.JUnitReportReporter -->
<testsuite hostname="DESKTOP-8KE617A" failures="0" tests="1" name="firstLessons.Scroll" time="39.189" errors="0" timestamp="2023-12-16T13:29:06 IST" skipped="0">
  <testcase classname="firstLessons.Scroll" name="scrollEnd" time="39.189"/>
</testsuite> <!-- firstLessons.Scroll -->
