<?xml version="1.0" encoding="UTF-8"?>
<!-- Generated by org.testng.reporters.JUnitReportReporter -->
<testsuite hostname="DESKTOP-8KE617A" failures="0" tests="1" name="firstLessons.PelotonApp" time="0.007" errors="0" timestamp="2023-12-16T13:57:14 IST" skipped="0">
  <testcase classname="firstLessons.PelotonApp" name="pelotonApp" time="0.007"/>
</testsuite> <!-- firstLessons.PelotonApp -->
