<?xml version="1.0" encoding="UTF-8"?>
<!-- Generated by org.testng.reporters.JUnitReportReporter -->
<testsuite hostname="DESKTOP-8KE617A" failures="0" tests="1" name="generalApp.Test2" time="21.705" errors="0" timestamp="2024-03-30T22:10:33 IST" skipped="0">
  <testcase classname="generalApp.Test2" name="test1" time="21.705"/>
  <system-out/>
</testsuite> <!-- generalApp.Test2 -->
