<?xml version="1.0" encoding="UTF-8"?>
<!-- Generated by org.testng.reporters.JUnitReportReporter -->
<testsuite hostname="DESKTOP-8KE617A" failures="0" tests="1" name="ApiumTut.ScrollGesture" time="12.031" errors="0" timestamp="2024-03-26T09:20:45 IST" skipped="0">
  <testcase classname="ApiumTut.ScrollGesture" name="scrollGesture" time="12.031"/>
</testsuite> <!-- ApiumTut.ScrollGesture -->
