<?xml version="1.0" encoding="UTF-8"?>
<!-- Generated by org.testng.reporters.JUnitReportReporter -->
<testsuite hostname="DESKTOP-8KE617A" failures="0" tests="1" name="ApiumTut.ApiumBasics" time="19.233" errors="0" timestamp="2024-03-30T19:48:54 IST" skipped="0">
  <testcase classname="ApiumTut.ApiumBasics" name="appiumTest" time="19.233"/>
  <system-out/>
</testsuite> <!-- ApiumTut.ApiumBasics -->
