<?xml version="1.0" encoding="UTF-8"?>
<!-- Generated by org.testng.reporters.JUnitReportReporter -->
<testsuite hostname="DESKTOP-8KE617A" failures="0" tests="1" name="firstLessons.SwipeGestures" time="8.850" errors="0" timestamp="2023-12-16T17:19:15 IST" skipped="0">
  <testcase classname="firstLessons.SwipeGestures" name="swipe" time="8.850"/>
</testsuite> <!-- firstLessons.SwipeGestures -->
