<?xml version="1.0" encoding="UTF-8"?>
<!-- Generated by org.testng.reporters.JUnitReportReporter -->
<testsuite hostname="DESKTOP-8KE617A" failures="0" tests="1" name="ApiumTut.DragAndDrop" time="7.881" errors="0" timestamp="2024-03-26T23:42:06 IST" skipped="0">
  <testcase classname="ApiumTut.DragAndDrop" name="swipeGesture" time="7.881"/>
</testsuite> <!-- ApiumTut.DragAndDrop -->
