<?xml version="1.0" encoding="UTF-8"?>
<!-- Generated by org.testng.reporters.JUnitReportReporter -->
<testsuite hostname="DESKTOP-8KE617A" failures="0" tests="1" name="generalApp.Test3" time="16.361" errors="0" timestamp="2024-03-31T21:43:28 IST" skipped="0">
  <testcase classname="generalApp.Test3" name="test3" time="16.361"/>
  <system-out/>
</testsuite> <!-- generalApp.Test3 -->
