<?xml version="1.0" encoding="UTF-8"?>
<!-- Generated by org.testng.reporters.JUnitReportReporter -->
<testsuite hostname="DESKTOP-8KE617A" failures="0" tests="1" name="generalApp.Test4" time="41.083" errors="0" timestamp="2024-04-02T21:32:39 IST" skipped="0">
  <testcase classname="generalApp.Test4" name="test4" time="41.083"/>
  <system-out/>
</testsuite> <!-- generalApp.Test4 -->
